<?xml version="1.0" encoding="UTF-8"?>
<!-- Generated by org.testng.reporters.JUnitXMLReporter -->
<testsuite ignored="0" hostname="TejaswiniArun" failures="1" tests="2" name="ErrorValidation test" time="26.078" errors="0" timestamp="2024-08-22T15:10:29 SAST">
  <testcase classname="TejaswiniFrameworkcompany.ErrorValidations" name="ErrorMessage" time="2.162">
    <skipped/>
  </testcase> <!-- ErrorMessage -->
  <testcase classname="TejaswiniFrameworkcompany.ErrorValidations" name="ErrorMessage" time="1.393">
    <failure type="java.lang.AssertionError" message="expected [Incorrect email password.] but found [Incorrect email or password.]">
      <![CDATA[java.lang.AssertionError: expected [Incorrect email password.] but found [Incorrect email or password.]
at TejaswiniFrameworkcompany.ErrorValidations.ErrorMessage(ErrorValidations.java:30)
at java.base/java.util.ArrayList.forEach(ArrayList.java:1541)
at java.base/java.util.concurrent.FutureTask.run(FutureTask.java:264)
at java.base/java.util.concurrent.ThreadPoolExecutor.runWorker(ThreadPoolExecutor.java:1128)
at java.base/java.util.concurrent.ThreadPoolExecutor$Worker.run(ThreadPoolExecutor.java:628)
at java.base/java.lang.Thread.run(Thread.java:834)
... Removed 23 stack frames]]>
    </failure>
  </testcase> <!-- ErrorMessage -->
</testsuite> <!-- ErrorValidation test -->
