<?xml version="1.0" encoding="UTF-8"?>
<!-- Generated by org.testng.reporters.JUnitXMLReporter -->
<testsuite ignored="0" hostname="TejaswiniArun" failures="0" tests="4" name="Submitorder test" time="153.752" errors="0" timestamp="2024-08-21T19:16:11 SAST">
  <testcase classname="TejaswiniFrameworkcompany.Submitorder" name="submitOrder" time="24.496"/>
  <testcase classname="TejaswiniFrameworkcompany.Submitorder" name="submitOrder" time="27.86"/>
  <testcase classname="TejaswiniFrameworkcompany.Submitorder" name="verifyOrders" time="3.7"/>
  <testcase classname="TejaswiniFrameworkcompany.Submitorder" name="verifyOrders" time="3.704"/>
</testsuite> <!-- Submitorder test -->
