<?xml version="1.0" encoding="UTF-8"?>
<!-- Generated by org.testng.reporters.JUnitXMLReporter -->
<testsuite ignored="2" hostname="TejaswiniArun" failures="0" tests="0" time="0.031" errors="0" timestamp="2024-08-05T17:36:23 SAST">
  <testcase classname="TejaswiniFrameworkcompany.Submitorder" name="verifyOrders" time="0.0">
    <ignored/>
  </testcase> <!-- verifyOrders -->
  <testcase classname="TejaswiniFrameworkcompany.Submitorder" name="submitOrder" time="0.0">
    <ignored/>
  </testcase> <!-- submitOrder -->
</testsuite>
