<?xml version="1.0" encoding="UTF-8"?>
<!-- Generated by org.testng.reporters.JUnitXMLReporter -->
<testsuite ignored="3" hostname="TejaswiniArun" failures="0" tests="4" name="Test" time="129.983" errors="0" timestamp="2024-08-08T17:54:47 SAST">
  <testcase classname="TejaswiniFrameworkcompany.Submitorder" name="submitOrder" time="22.779"/>
  <testcase classname="TejaswiniFrameworkcompany.Submitorder" name="submitOrder" time="22.757"/>
  <testcase classname="TejaswiniFrameworkcompany.Submitorder" name="verifyOrders" time="4.683"/>
  <testcase classname="TejaswiniFrameworkcompany.Submitorder" name="verifyOrders" time="2.152"/>
  <testcase classname="TejaswiniFrameworkcompany.ErrorValidations" name="submitOrder" time="0.0">
    <ignored/>
  </testcase> <!-- submitOrder -->
  <testcase classname="TejaswiniFrameworkcompany.ErrorValidations" name="ErrorMessage" time="0.0">
    <ignored/>
  </testcase> <!-- ErrorMessage -->
  <testcase classname="TejaswiniFrameworkcompany.Multipleitemstocart" name="submitOrder" time="0.0">
    <ignored/>
  </testcase> <!-- submitOrder -->
</testsuite> <!-- Test -->
