<?xml version="1.0" encoding="UTF-8"?>
<!-- Generated by org.testng.reporters.JUnitXMLReporter -->
<testsuite ignored="0" hostname="TejaswiniArun" failures="0" tests="4" name="Submit orders" time="88.636" errors="0" timestamp="2024-08-23T16:52:12 SAST">
  <testcase classname="TejaswiniFrameworkcompany.Submitorder" name="submitOrder" time="22.177"/>
  <testcase classname="TejaswiniFrameworkcompany.Submitorder" name="submitOrder" time="21.939"/>
  <testcase classname="TejaswiniFrameworkcompany.Submitorder" name="verifyOrders" time="1.215"/>
  <testcase classname="TejaswiniFrameworkcompany.Submitorder" name="verifyOrders" time="1.318"/>
</testsuite> <!-- Submit orders -->
