<?xml version="1.0" encoding="UTF-8"?>
<testng-results ignored="0" total="5" passed="5" failed="0" skipped="0">
  <reporter-output>
  </reporter-output>
  <suite started-at="2024-08-23T16:50:43 SAST" name="Suite" finished-at="2024-08-23T16:52:12 SAST" duration-ms="88636">
    <groups>
      <group name="Purchase">
        <method signature="ErrorValidations.ErrorMessage()[pri:0, instance:TejaswiniFrameworkcompany.ErrorValidations@41a0aa7d]" name="ErrorMessage" class="TejaswiniFrameworkcompany.ErrorValidations"/>
        <method signature="Submitorder.submitOrder(java.util.HashMap)[pri:0, instance:TejaswiniFrameworkcompany.Submitorder@1033576a]" name="submitOrder" class="TejaswiniFrameworkcompany.Submitorder"/>
        <method signature="Submitorder.verifyOrders(java.util.HashMap)[pri:0, instance:TejaswiniFrameworkcompany.Submitorder@1033576a]" name="verifyOrders" class="TejaswiniFrameworkcompany.Submitorder"/>
      </group> <!-- Purchase -->
    </groups>
    <test started-at="2024-08-23T16:50:43 SAST" name="Error Validations" finished-at="2024-08-23T16:51:02 SAST" duration-ms="19512">
      <class name="TejaswiniFrameworkcompany.ErrorValidations">
        <test-method is-config="true" signature="launchApplication()[pri:0, instance:TejaswiniFrameworkcompany.ErrorValidations@41a0aa7d]" started-at="2024-08-23T16:50:43 SAST" name="launchApplication" finished-at="2024-08-23T16:51:01 SAST" duration-ms="17718" status="PASS">
          <reporter-output>
          </reporter-output>
        </test-method> <!-- launchApplication -->
        <test-method signature="ErrorMessage()[pri:0, instance:TejaswiniFrameworkcompany.ErrorValidations@41a0aa7d]" started-at="2024-08-23T16:51:01 SAST" name="ErrorMessage" finished-at="2024-08-23T16:51:02 SAST" duration-ms="1301" status="PASS">
          <reporter-output>
          </reporter-output>
        </test-method> <!-- ErrorMessage -->
        <test-method is-config="true" signature="tearDown()[pri:0, instance:TejaswiniFrameworkcompany.ErrorValidations@41a0aa7d]" started-at="2024-08-23T16:51:02 SAST" name="tearDown" finished-at="2024-08-23T16:51:02 SAST" duration-ms="1" status="PASS">
          <reporter-output>
          </reporter-output>
        </test-method> <!-- tearDown -->
      </class> <!-- TejaswiniFrameworkcompany.ErrorValidations -->
    </test> <!-- Error Validations -->
    <test started-at="2024-08-23T16:50:43 SAST" name="Submit orders" finished-at="2024-08-23T16:52:12 SAST" duration-ms="88636">
      <class name="TejaswiniFrameworkcompany.Submitorder">
        <test-method is-config="true" signature="launchApplication()[pri:0, instance:TejaswiniFrameworkcompany.Submitorder@1033576a]" started-at="2024-08-23T16:50:44 SAST" name="launchApplication" finished-at="2024-08-23T16:51:01 SAST" duration-ms="16578" status="PASS">
          <reporter-output>
          </reporter-output>
        </test-method> <!-- launchApplication -->
        <test-method signature="submitOrder(java.util.HashMap)[pri:0, instance:TejaswiniFrameworkcompany.Submitorder@1033576a]" started-at="2024-08-23T16:51:01 SAST" name="submitOrder" data-provider="getData" finished-at="2024-08-23T16:51:23 SAST" duration-ms="22177" status="PASS">
          <params>
            <param index="0">
              <value>
                <![CDATA[{ProductName=ZARA COAT 3, Username=trteja@gmail.com, Password=Teja@selenium1}]]>
              </value>
            </param>
          </params>
          <reporter-output>
          </reporter-output>
        </test-method> <!-- submitOrder -->
        <test-method is-config="true" signature="tearDown()[pri:0, instance:TejaswiniFrameworkcompany.Submitorder@1033576a]" started-at="2024-08-23T16:51:23 SAST" name="tearDown" finished-at="2024-08-23T16:51:23 SAST" duration-ms="1" status="PASS">
          <reporter-output>
          </reporter-output>
        </test-method> <!-- tearDown -->
        <test-method is-config="true" signature="launchApplication()[pri:0, instance:TejaswiniFrameworkcompany.Submitorder@1033576a]" started-at="2024-08-23T16:51:23 SAST" name="launchApplication" finished-at="2024-08-23T16:51:31 SAST" duration-ms="7645" status="PASS">
          <reporter-output>
          </reporter-output>
        </test-method> <!-- launchApplication -->
        <test-method signature="submitOrder(java.util.HashMap)[pri:0, instance:TejaswiniFrameworkcompany.Submitorder@1033576a]" started-at="2024-08-23T16:51:31 SAST" name="submitOrder" data-provider="getData" finished-at="2024-08-23T16:51:52 SAST" duration-ms="21939" status="PASS">
          <params>
            <param index="0">
              <value>
                <![CDATA[{ProductName=ADIDAS ORIGINAL, Username=tejaganesh@gmail.com, Password=Teja@selenium1}]]>
              </value>
            </param>
          </params>
          <reporter-output>
          </reporter-output>
        </test-method> <!-- submitOrder -->
        <test-method is-config="true" signature="tearDown()[pri:0, instance:TejaswiniFrameworkcompany.Submitorder@1033576a]" started-at="2024-08-23T16:51:52 SAST" name="tearDown" finished-at="2024-08-23T16:51:52 SAST" duration-ms="0" status="PASS">
          <reporter-output>
          </reporter-output>
        </test-method> <!-- tearDown -->
        <test-method is-config="true" signature="launchApplication()[pri:0, instance:TejaswiniFrameworkcompany.Submitorder@1033576a]" started-at="2024-08-23T16:51:52 SAST" name="launchApplication" finished-at="2024-08-23T16:52:00 SAST" duration-ms="7377" status="PASS">
          <reporter-output>
          </reporter-output>
        </test-method> <!-- launchApplication -->
        <test-method signature="verifyOrders(java.util.HashMap)[pri:0, instance:TejaswiniFrameworkcompany.Submitorder@1033576a]" started-at="2024-08-23T16:52:00 SAST" name="verifyOrders" data-provider="getData" finished-at="2024-08-23T16:52:01 SAST" depends-on-methods="TejaswiniFrameworkcompany.Submitorder.submitOrder" duration-ms="1215" status="PASS">
          <params>
            <param index="0">
              <value>
                <![CDATA[{ProductName=ZARA COAT 3, Username=trteja@gmail.com, Password=Teja@selenium1}]]>
              </value>
            </param>
          </params>
          <reporter-output>
          </reporter-output>
        </test-method> <!-- verifyOrders -->
        <test-method is-config="true" signature="tearDown()[pri:0, instance:TejaswiniFrameworkcompany.Submitorder@1033576a]" started-at="2024-08-23T16:52:01 SAST" name="tearDown" finished-at="2024-08-23T16:52:01 SAST" duration-ms="1" status="PASS">
          <reporter-output>
          </reporter-output>
        </test-method> <!-- tearDown -->
        <test-method is-config="true" signature="launchApplication()[pri:0, instance:TejaswiniFrameworkcompany.Submitorder@1033576a]" started-at="2024-08-23T16:52:01 SAST" name="launchApplication" finished-at="2024-08-23T16:52:10 SAST" duration-ms="9157" status="PASS">
          <reporter-output>
          </reporter-output>
        </test-method> <!-- launchApplication -->
        <test-method signature="verifyOrders(java.util.HashMap)[pri:0, instance:TejaswiniFrameworkcompany.Submitorder@1033576a]" started-at="2024-08-23T16:52:10 SAST" name="verifyOrders" data-provider="getData" finished-at="2024-08-23T16:52:12 SAST" depends-on-methods="TejaswiniFrameworkcompany.Submitorder.submitOrder" duration-ms="1318" status="PASS">
          <params>
            <param index="0">
              <value>
                <![CDATA[{ProductName=ADIDAS ORIGINAL, Username=tejaganesh@gmail.com, Password=Teja@selenium1}]]>
              </value>
            </param>
          </params>
          <reporter-output>
          </reporter-output>
        </test-method> <!-- verifyOrders -->
        <test-method is-config="true" signature="tearDown()[pri:0, instance:TejaswiniFrameworkcompany.Submitorder@1033576a]" started-at="2024-08-23T16:52:12 SAST" name="tearDown" finished-at="2024-08-23T16:52:12 SAST" duration-ms="1" status="PASS">
          <reporter-output>
          </reporter-output>
        </test-method> <!-- tearDown -->
      </class> <!-- TejaswiniFrameworkcompany.Submitorder -->
    </test> <!-- Submit orders -->
  </suite> <!-- Suite -->
</testng-results>
